<?xml version="1.0" encoding="UTF-8"?>
<!-- Generated by org.testng.reporters.JUnitXMLReporter -->
<testsuite ignored="0" hostname="DESKTOP-L0LR9TL" failures="0" tests="6" name="HelloJava" time="0.018" errors="0" timestamp="2023-09-05T21:28:19 EDT">
  <testcase classname="testNG_day01.prioritizeTests" name="loginWithInvalidUsernameInvalidPassword" time="0.0"/>
  <testcase classname="testNG_day01.prioritizeTests" name="loginWithValidUsernameValidPassword" time="0.001"/>
  <testcase classname="testNG_day01.prioritizeTests" name="loginWithInvalidEmailFormat" time="0.001"/>
  <testcase classname="testNG_day01.prioritizeTests" name="loginWithValidUsernameInvalidPassword" time="0.001"/>
  <testcase classname="testNG_day01.ignoringTests" name="test1" time="0.001"/>
  <testcase classname="testNG_day01.ignoringTests" name="test2" time="0.001"/>
</testsuite> <!-- HelloJava -->
