<?xml version="1.0" encoding="UTF-8"?>
<!-- Generated by org.testng.reporters.JUnitXMLReporter -->
<testsuite ignored="0" hostname="DESKTOP-L0LR9TL" failures="1" tests="2" name="Test" time="6.058" errors="0" timestamp="2023-09-07T21:42:29 EDT">
  <testcase classname="TestNG_day03.TestingMyListeners" name="openBrowser" time="5.991"/>
  <testcase classname="TestNG_day03.TestingMyListeners" name="test2" time="0.015">
    <failure type="java.lang.AssertionError" message="expected [true] but found [false]">
      <![CDATA[java.lang.AssertionError: expected [true] but found [false]
at TestNG_day03.TestingMyListeners.test2(TestingMyListeners.java:27)
at java.base/java.util.ArrayList.forEach(ArrayList.java:1511)
... Removed 31 stack frames]]>
    </failure>
  </testcase> <!-- test2 -->
</testsuite> <!-- Test -->
